Unity Editor version:    2022.3.4f1 (35713cd46cd7)
Branch:                  2022.3/staging
Build type:              Release
Batch mode:              YES
macOS version:           Version 13.2.1 (Build 22D68)
Darwin version:          22.3.0
Architecture:            x86_64
Running under Rosetta:   NO
Available memory:        16384 MB
Using pre-set license
Pro License: YES

COMMAND LINE ARGUMENTS:
/Applications/Unity/Hub/Editor/2022.3.4f1/Unity.app/Contents/MacOS/Unity
-adb2
-batchMode
-noUpm
-name
AssetImportWorker2
-projectPath
/Users/matthewburton/Documents/GitHub/321FIT/321FIT
-logFile
Logs/AssetImportWorker2.log
-srvPort
57232
Successfully changed project path to: /Users/matthewburton/Documents/GitHub/321FIT/321FIT
/Users/matthewburton/Documents/GitHub/321FIT/321FIT
[UnityMemory] Configuration Parameters - Can be set up in boot.config
    "memorysetup-bucket-allocator-granularity=16"
    "memorysetup-bucket-allocator-bucket-count=8"
    "memorysetup-bucket-allocator-block-size=33554432"
    "memorysetup-bucket-allocator-block-count=8"
    "memorysetup-main-allocator-block-size=16777216"
    "memorysetup-thread-allocator-block-size=16777216"
    "memorysetup-gfx-main-allocator-block-size=16777216"
    "memorysetup-gfx-thread-allocator-block-size=16777216"
    "memorysetup-cache-allocator-block-size=4194304"
    "memorysetup-typetree-allocator-block-size=2097152"
    "memorysetup-profiler-bucket-allocator-granularity=16"
    "memorysetup-profiler-bucket-allocator-bucket-count=8"
    "memorysetup-profiler-bucket-allocator-block-size=33554432"
    "memorysetup-profiler-bucket-allocator-block-count=8"
    "memorysetup-profiler-allocator-block-size=16777216"
    "memorysetup-profiler-editor-allocator-block-size=1048576"
    "memorysetup-temp-allocator-size-main=16777216"
    "memorysetup-job-temp-allocator-block-size=2097152"
    "memorysetup-job-temp-allocator-block-size-background=1048576"
    "memorysetup-job-temp-allocator-reduction-small-platforms=262144"
    "memorysetup-allocator-temp-initial-block-size-main=262144"
    "memorysetup-allocator-temp-initial-block-size-worker=262144"
    "memorysetup-temp-allocator-size-background-worker=32768"
    "memorysetup-temp-allocator-size-job-worker=262144"
    "memorysetup-temp-allocator-size-preload-manager=33554432"
    "memorysetup-temp-allocator-size-nav-mesh-worker=65536"
    "memorysetup-temp-allocator-size-audio-worker=65536"
    "memorysetup-temp-allocator-size-cloud-worker=32768"
    "memorysetup-temp-allocator-size-gi-baking-worker=262144"
    "memorysetup-temp-allocator-size-gfx=262144"
Player connection [140704594531968] Host "[IP] 192.168.13.185 [Port] 0 [Flags] 2 [Guid] 2237056021 [EditorId] 2237056021 [Version] 1048832 [Id] OSXEditor(0,MBurton.local) [Debug] 1 [PackageName] OSXEditor [ProjectName] Editor" joined multi-casting on [225.0.0.222:54997]...

Player connection [140704594531968] Host "[IP] 192.168.13.185 [Port] 0 [Flags] 2 [Guid] 2237056021 [EditorId] 2237056021 [Version] 1048832 [Id] OSXEditor(0,MBurton.local) [Debug] 1 [PackageName] OSXEditor [ProjectName] Editor" joined alternative multi-casting on [225.0.0.222:34997]...

Refreshing native plugins compatible for Editor in 23.63 ms, found 2 plugins.
Preloading 0 native plugins for Editor in 0.00 ms.
Initialize engine version: 2022.3.4f1 (35713cd46cd7)
[Subsystems] Discovering subsystems at path /Applications/Unity/Hub/Editor/2022.3.4f1/Unity.app/Contents/Resources/UnitySubsystems
[Subsystems] Discovering subsystems at path /Users/matthewburton/Documents/GitHub/321FIT/321FIT/Assets
GfxDevice: creating device client; threaded=0; jobified=0
Color LCD preferred device: AMD Radeon Pro 5300M (high power)
Metal devices available: 2
0: AMD Radeon Pro 5300M (high power)
1: Intel(R) UHD Graphics 630 (low power)
Using device AMD Radeon Pro 5300M (high power)
Initializing Metal device caps: AMD Radeon Pro 5300M
Initialize mono
Mono path[0] = '/Applications/Unity/Hub/Editor/2022.3.4f1/Unity.app/Contents/Managed'
Mono path[1] = '/Applications/Unity/Hub/Editor/2022.3.4f1/Unity.app/Contents/MonoBleedingEdge/lib/mono/unityjit-macos'
Mono config path = '/Applications/Unity/Hub/Editor/2022.3.4f1/Unity.app/Contents/MonoBleedingEdge/etc'
Using monoOptions --debugger-agent=transport=dt_socket,embedding=1,server=y,suspend=n,address=127.0.0.1:56146
Begin MonoManager ReloadAssembly
Registering precompiled unity dll's ...
Register platform support module: /Applications/Unity/Hub/Editor/2022.3.4f1/Unity.app/Contents/PlaybackEngines/MacStandaloneSupport/UnityEditor.OSXStandalone.Extensions.dll
Register platform support module: /Applications/Unity/Hub/Editor/2022.3.4f1/PlaybackEngines/iOSSupport/UnityEditor.iOS.Extensions.dll
Registered in 0.002691 seconds.
- Loaded All Assemblies, in  0.622 seconds
[usbmuxd] Start listen thread
[usbmuxd] Listen thread started
[usbmuxd] Send listen message
Native extension for iOS target not found
Native extension for OSXStandalone target not found
Mono: successfully reloaded assembly
- Finished resetting the current domain, in  0.548 seconds
Domain Reload Profiling: 1170ms
	BeginReloadAssembly (198ms)
		ExecutionOrderSort (0ms)
		DisableScriptedObjects (0ms)
		BackupInstance (0ms)
		ReleaseScriptingObjects (0ms)
		CreateAndSetChildDomain (1ms)
	RebuildCommonClasses (64ms)
	RebuildNativeTypeToScriptingClass (16ms)
	initialDomainReloadingComplete (78ms)
	LoadAllAssembliesAndSetupDomain (264ms)
		LoadAssemblies (197ms)
		RebuildTransferFunctionScriptingTraits (0ms)
		AnalyzeDomain (260ms)
			TypeCache.Refresh (259ms)
				TypeCache.ScanAssembly (235ms)
			ScanForSourceGeneratedMonoScriptInfo (1ms)
			ResolveRequiredComponents (1ms)
	FinalizeReload (549ms)
		ReleaseScriptCaches (0ms)
		RebuildScriptCaches (0ms)
		SetupLoadedEditorAssemblies (450ms)
			LogAssemblyErrors (0ms)
			InitializePlatformSupportModulesInManaged (157ms)
			SetLoadedEditorAssemblies (7ms)
			RefreshPlugins (0ms)
			BeforeProcessingInitializeOnLoad (3ms)
			ProcessInitializeOnLoadAttributes (213ms)
			ProcessInitializeOnLoadMethodAttributes (69ms)
			AfterProcessingInitializeOnLoad (0ms)
			EditorAssembliesLoaded (0ms)
		ExecutionOrderSort2 (0ms)
		AwakeInstancesAfterBackupRestoration (0ms)
========================================================================
Worker process is ready to serve import requests
Begin MonoManager ReloadAssembly
Symbol file LoadedFromMemory is not a mono symbol file
- Loaded All Assemblies, in  1.343 seconds
Refreshing native plugins compatible for Editor in 6.17 ms, found 2 plugins.
Native extension for iOS target not found
Native extension for OSXStandalone target not found
Mono: successfully reloaded assembly
- Finished resetting the current domain, in  1.217 seconds
Domain Reload Profiling: 2561ms
	BeginReloadAssembly (181ms)
		ExecutionOrderSort (0ms)
		DisableScriptedObjects (7ms)
		BackupInstance (0ms)
		ReleaseScriptingObjects (0ms)
		CreateAndSetChildDomain (39ms)
	RebuildCommonClasses (56ms)
	RebuildNativeTypeToScriptingClass (17ms)
	initialDomainReloadingComplete (53ms)
	LoadAllAssembliesAndSetupDomain (1036ms)
		LoadAssemblies (638ms)
		RebuildTransferFunctionScriptingTraits (0ms)
		AnalyzeDomain (475ms)
			TypeCache.Refresh (436ms)
				TypeCache.ScanAssembly (404ms)
			ScanForSourceGeneratedMonoScriptInfo (28ms)
			ResolveRequiredComponents (11ms)
	FinalizeReload (1218ms)
		ReleaseScriptCaches (0ms)
		RebuildScriptCaches (0ms)
		SetupLoadedEditorAssemblies (986ms)
			LogAssemblyErrors (0ms)
			InitializePlatformSupportModulesInManaged (36ms)
			SetLoadedEditorAssemblies (6ms)
			RefreshPlugins (0ms)
			BeforeProcessingInitializeOnLoad (72ms)
			ProcessInitializeOnLoadAttributes (648ms)
			ProcessInitializeOnLoadMethodAttributes (221ms)
			AfterProcessingInitializeOnLoad (2ms)
			EditorAssembliesLoaded (0ms)
		ExecutionOrderSort2 (0ms)
		AwakeInstancesAfterBackupRestoration (6ms)
Launching external process: /Applications/Unity/Hub/Editor/2022.3.4f1/Unity.app/Contents/Tools/UnityShaderCompiler
Launched and connected shader compiler UnityShaderCompiler after 0.10 seconds
Refreshing native plugins compatible for Editor in 5.12 ms, found 2 plugins.
Preloading 0 native plugins for Editor in 0.00 ms.
Unloading 2786 Unused Serialized files (Serialized files now loaded: 0)
Unloading 75 unused Assets / (1.3 MB). Loaded Objects now: 3224.
Memory consumption went from 133.8 MB to 132.5 MB.
Total: 12.501545 ms (FindLiveObjects: 0.348303 ms CreateObjectMapping: 0.384655 ms MarkObjects: 11.250771 ms  DeleteObjects: 0.514467 ms)

AssetImportParameters requested are different than current active one (requested -> active):
  custom:video-decoder-webm-vp8: 9c59270c3fd7afecdb556c50c9e8de78 -> 
  custom:container-demuxer-ogg: 62fdf1f143b41e24485cea50d1cbac27 -> 
  custom:AudioImporter_EditorPlatform: 3918e3fc78b5a79bad01e8451be0beb8 -> 
  custom:video-decoder-ogg-theora: a1e56fd34408186e4bbccfd4996cb3dc -> 
  custom:framework-osx-AVFoundation: e770b220cccbd017edd2c1fefb359320 -> 
  custom:video-encoder-webm-vp8: eb34c28f22e8b96e1ab97ce403110664 -> 
  custom:audio-decoder-ogg-vorbis: bf7c407c2cedff20999df2af8eb42d56 -> 
  custom:container-demuxer-webm: 4f35f7cbe854078d1ac9338744f61a02 -> 
  custom:audio-encoder-webm-vorbis: bf7c407c2cedff20999df2af8eb42d56 -> 
  custom:container-muxer-webm: aa71ff27fc2769a1b78a27578f13a17b -> 
========================================================================
Received Import Request.
  Time since last request: 53113.724740 seconds.
  path: Assets/911Fonts.com_CenturyGothicBold__-_911fonts.com_fonts_pMgo 1.ttf
  artifactKey: Guid(7fb30aae742e32d48994d83faa7c4ab3) Importer(815301076,1909f56bfc062723c751e8b465ee728b)
Start importing Assets/911Fonts.com_CenturyGothicBold__-_911fonts.com_fonts_pMgo 1.ttf using Guid(7fb30aae742e32d48994d83faa7c4ab3) Importer(815301076,1909f56bfc062723c751e8b465ee728b)  -> (artifact id: 'bceb8c11a74ad1ceae3bef58851cc3fe') in 0.448919 seconds
Number of updated asset objects reloaded before import = 0
Number of asset objects unloaded after import = 4
========================================================================
Received Import Request.
  Time since last request: 0.000099 seconds.
  path: Assets/New Terrain.asset
  artifactKey: Guid(1d0b809a99d01e54c96074065cb38f3a) Importer(815301076,1909f56bfc062723c751e8b465ee728b)
Start importing Assets/New Terrain.asset using Guid(1d0b809a99d01e54c96074065cb38f3a) Importer(815301076,1909f56bfc062723c751e8b465ee728b)  -> (artifact id: 'ee5b26c225070c3c46fbc3ecf220052b') in 0.040137 seconds
Number of updated asset objects reloaded before import = 0
Number of asset objects unloaded after import = 3
========================================================================
Received Import Request.
  Time since last request: 0.000056 seconds.
  path: Assets/VideoAd/Images/apple-app-store-badge.png
  artifactKey: Guid(ef1a2db9bc72035469e4db2f5878c0bd) Importer(815301076,1909f56bfc062723c751e8b465ee728b)
Start importing Assets/VideoAd/Images/apple-app-store-badge.png using Guid(ef1a2db9bc72035469e4db2f5878c0bd) Importer(815301076,1909f56bfc062723c751e8b465ee728b)  -> (artifact id: '1b3f0c1a154ff5d1d239171033043584') in 0.039579 seconds
Number of updated asset objects reloaded before import = 0
Number of asset objects unloaded after import = 3
========================================================================
Received Import Request.
  Time since last request: 0.000074 seconds.
  path: Assets/Prefabs/AddPlanItem.prefab
  artifactKey: Guid(2a0ce781d3034eb4c9ee58336e0d1655) Importer(815301076,1909f56bfc062723c751e8b465ee728b)
Start importing Assets/Prefabs/AddPlanItem.prefab using Guid(2a0ce781d3034eb4c9ee58336e0d1655) Importer(815301076,1909f56bfc062723c751e8b465ee728b)  -> (artifact id: '7ea865a487bde269b56fec4ee417336b') in 0.050599 seconds
Number of updated asset objects reloaded before import = 0
Number of asset objects unloaded after import = 47
========================================================================
Received Import Request.
  Time since last request: 0.000087 seconds.
  path: Assets/Images/Animations/bent_over_rows_3.png
  artifactKey: Guid(3ea830cc2f73c4b69bbfd84317e798d1) Importer(815301076,1909f56bfc062723c751e8b465ee728b)
Start importing Assets/Images/Animations/bent_over_rows_3.png using Guid(3ea830cc2f73c4b69bbfd84317e798d1) Importer(815301076,1909f56bfc062723c751e8b465ee728b)  -> (artifact id: '1f607c7095c4b2d32c9f105dc1c01223') in 0.010307 seconds
Number of updated asset objects reloaded before import = 0
Number of asset objects unloaded after import = 3
========================================================================
Received Import Request.
  Time since last request: 0.000256 seconds.
  path: Assets/Images/Animations/bands_internal_1.png
  artifactKey: Guid(c2c2781af3613db41b7d6115433bfef4) Importer(815301076,1909f56bfc062723c751e8b465ee728b)
Start importing Assets/Images/Animations/bands_internal_1.png using Guid(c2c2781af3613db41b7d6115433bfef4) Importer(815301076,1909f56bfc062723c751e8b465ee728b)  -> (artifact id: '2869619da0bd6342e7591d2c2343e344') in 0.009022 seconds
Number of updated asset objects reloaded before import = 0
Number of asset objects unloaded after import = 3
========================================================================
Received Import Request.
  Time since last request: 0.000123 seconds.
  path: Assets/BAHNSCHRIFT.TTF
  artifactKey: Guid(bbb86fe4be6cec249ac8e2a407a2fb4d) Importer(815301076,1909f56bfc062723c751e8b465ee728b)
Start importing Assets/BAHNSCHRIFT.TTF using Guid(bbb86fe4be6cec249ac8e2a407a2fb4d) Importer(815301076,1909f56bfc062723c751e8b465ee728b)  -> (artifact id: '58f19a52e3979c3f4bcaf0caae4fc441') in 0.012358 seconds
Number of updated asset objects reloaded before import = 0
Number of asset objects unloaded after import = 4
========================================================================
Received Import Request.
  Time since last request: 0.000073 seconds.
  path: Assets/Images/Animations/bands_external_3b.png
  artifactKey: Guid(8a5330cd1fd7efe46a290a61d402c7a6) Importer(815301076,1909f56bfc062723c751e8b465ee728b)
Start importing Assets/Images/Animations/bands_external_3b.png using Guid(8a5330cd1fd7efe46a290a61d402c7a6) Importer(815301076,1909f56bfc062723c751e8b465ee728b)  -> (artifact id: 'd8284a33d90ccd0074441d1b1c8afcd3') in 0.009986 seconds
Number of updated asset objects reloaded before import = 0
Number of asset objects unloaded after import = 3
========================================================================
Received Import Request.
  Time since last request: 0.000165 seconds.
  path: Assets/Prefabs/AddWorkoutItem.prefab
  artifactKey: Guid(6b288a701c2df95468fe77e671b9da59) Importer(815301076,1909f56bfc062723c751e8b465ee728b)
Start importing Assets/Prefabs/AddWorkoutItem.prefab using Guid(6b288a701c2df95468fe77e671b9da59) Importer(815301076,1909f56bfc062723c751e8b465ee728b)  -> (artifact id: '1e6946ca37acb9c16cbd55afe578e7ba') in 0.046771 seconds
Number of updated asset objects reloaded before import = 0
Number of asset objects unloaded after import = 63
========================================================================
Received Import Request.
  Time since last request: 0.000063 seconds.
  path: Assets/Images/Animations/body_squats_2.png
  artifactKey: Guid(06685c26dd9fd8f43a9da64e21562bd5) Importer(815301076,1909f56bfc062723c751e8b465ee728b)
Start importing Assets/Images/Animations/body_squats_2.png using Guid(06685c26dd9fd8f43a9da64e21562bd5) Importer(815301076,1909f56bfc062723c751e8b465ee728b)  -> (artifact id: '230a9c1cdbc85972280ed8d1a44747c7') in 0.012157 seconds
Number of updated asset objects reloaded before import = 0
Number of asset objects unloaded after import = 3
========================================================================
Received Import Request.
  Time since last request: 0.000086 seconds.
  path: Assets/NewBrush.brush
  artifactKey: Guid(c5a6541ec3926c0419f8ab6b0164c3b7) Importer(815301076,1909f56bfc062723c751e8b465ee728b)
Start importing Assets/NewBrush.brush using Guid(c5a6541ec3926c0419f8ab6b0164c3b7) Importer(815301076,1909f56bfc062723c751e8b465ee728b)  -> (artifact id: '0686c40853dda5a4bbb3244eb8df29fd') in 0.096426 seconds
Number of updated asset objects reloaded before import = 0
Number of asset objects unloaded after import = 2
========================================================================
Received Import Request.
  Time since last request: 0.001205 seconds.
  path: Assets/BAHNS - OUTLINE.asset
  artifactKey: Guid(d80894b15e5e39c429e6bb4f7c8f0d10) Importer(815301076,1909f56bfc062723c751e8b465ee728b)
Start importing Assets/BAHNS - OUTLINE.asset using Guid(d80894b15e5e39c429e6bb4f7c8f0d10) Importer(815301076,1909f56bfc062723c751e8b465ee728b)  -> (artifact id: '6c7dc3466b7bbbfd60a9cd187738b2eb') in 0.086424 seconds
Number of updated asset objects reloaded before import = 0
Number of asset objects unloaded after import = 4
========================================================================
Received Import Request.
  Time since last request: 0.000117 seconds.
  path: Assets/shutup.physicMaterial
  artifactKey: Guid(96f62abe72614d749bc93caeb346b669) Importer(815301076,1909f56bfc062723c751e8b465ee728b)
Start importing Assets/shutup.physicMaterial using Guid(96f62abe72614d749bc93caeb346b669) Importer(815301076,1909f56bfc062723c751e8b465ee728b)  -> (artifact id: '1cbd686d9ac8ed143b4f717ee929a3f3') in 0.001542 seconds
Number of updated asset objects reloaded before import = 0
Number of asset objects unloaded after import = 1
========================================================================
Received Import Request.
  Time since last request: 0.000092 seconds.
  path: Assets/Images/321FIT_Icon_Android.png
  artifactKey: Guid(3e93815c5e9fe764282d3d39399f1295) Importer(815301076,1909f56bfc062723c751e8b465ee728b)
Start importing Assets/Images/321FIT_Icon_Android.png using Guid(3e93815c5e9fe764282d3d39399f1295) Importer(815301076,1909f56bfc062723c751e8b465ee728b)  -> (artifact id: '7a49e3bbad3a3f7f38ae09b5eb303bd6') in 0.015123 seconds
Number of updated asset objects reloaded before import = 0
Number of asset objects unloaded after import = 3
========================================================================
Received Import Request.
  Time since last request: 0.000156 seconds.
  path: Assets/SplashAnimation/Prefabs/321FitAnimationContainer.prefab
  artifactKey: Guid(22edbb80e6751e947a9b50fa05307a48) Importer(815301076,1909f56bfc062723c751e8b465ee728b)
Start importing Assets/SplashAnimation/Prefabs/321FitAnimationContainer.prefab using Guid(22edbb80e6751e947a9b50fa05307a48) Importer(815301076,1909f56bfc062723c751e8b465ee728b)  -> (artifact id: 'd8d0d0cbf94ccee44f4f88cac36eaa26') in 0.013262 seconds
Number of updated asset objects reloaded before import = 0
Number of asset objects unloaded after import = 65
========================================================================
Received Import Request.
  Time since last request: 0.000079 seconds.
  path: Assets/Images/Animations/bent_over_rows_2b.png
  artifactKey: Guid(1fe2f32163925d242a459f0c0bd9c1ba) Importer(815301076,1909f56bfc062723c751e8b465ee728b)
Start importing Assets/Images/Animations/bent_over_rows_2b.png using Guid(1fe2f32163925d242a459f0c0bd9c1ba) Importer(815301076,1909f56bfc062723c751e8b465ee728b)  -> (artifact id: '0bf1a6529667e707afeac1c83a0fbed2') in 0.008207 seconds
Number of updated asset objects reloaded before import = 0
Number of asset objects unloaded after import = 3
========================================================================
Received Import Request.
  Time since last request: 0.000086 seconds.
  path: Assets/Images/Animations/bands_external_2.png
  artifactKey: Guid(2c4964ca4ef6180458b79444e467b50c) Importer(815301076,1909f56bfc062723c751e8b465ee728b)
Start importing Assets/Images/Animations/bands_external_2.png using Guid(2c4964ca4ef6180458b79444e467b50c) Importer(815301076,1909f56bfc062723c751e8b465ee728b)  -> (artifact id: 'f5f0bd25b052e0dc1a9a63567908f4cc') in 0.008460 seconds
Number of updated asset objects reloaded before import = 0
Number of asset objects unloaded after import = 3
========================================================================
Received Import Request.
  Time since last request: 0.000122 seconds.
  path: Assets/Images/Animations/bands_external_1b.png
  artifactKey: Guid(f30def7f116a17f49974550940424fcb) Importer(815301076,1909f56bfc062723c751e8b465ee728b)
Start importing Assets/Images/Animations/bands_external_1b.png using Guid(f30def7f116a17f49974550940424fcb) Importer(815301076,1909f56bfc062723c751e8b465ee728b)  -> (artifact id: '9d3581de708271781995bb8e14fba9a7') in 0.030736 seconds
Number of updated asset objects reloaded before import = 0
Number of asset objects unloaded after import = 3
========================================================================
Received Import Request.
  Time since last request: 0.000068 seconds.
  path: Assets/PPP.asset
  artifactKey: Guid(c9f2ed7b50cc50048bd244f86b14dcf2) Importer(815301076,1909f56bfc062723c751e8b465ee728b)
Start importing Assets/PPP.asset using Guid(c9f2ed7b50cc50048bd244f86b14dcf2) Importer(815301076,1909f56bfc062723c751e8b465ee728b)  -> (artifact id: '0eac186ee53c3abaa6e9988fd5036b3b') in 0.015904 seconds
Number of updated asset objects reloaded before import = 0
Number of asset objects unloaded after import = 7
========================================================================
Received Import Request.
  Time since last request: 0.000202 seconds.
  path: Assets/Prefabs/AddExerciseItem.prefab
  artifactKey: Guid(52869c223e0e66845a71526de538ffe5) Importer(815301076,1909f56bfc062723c751e8b465ee728b)
Start importing Assets/Prefabs/AddExerciseItem.prefab using Guid(52869c223e0e66845a71526de538ffe5) Importer(815301076,1909f56bfc062723c751e8b465ee728b)  -> (artifact id: 'ccc59e895f14f381d13ccc8866da935a') in 0.032863 seconds
Number of updated asset objects reloaded before import = 0
Number of asset objects unloaded after import = 63
========================================================================
Received Import Request.
  Time since last request: 0.000065 seconds.
  path: Assets/grid-cyan.mat
  artifactKey: Guid(c0b1d75886b7a534ca04d0465f0d75dd) Importer(815301076,1909f56bfc062723c751e8b465ee728b)
Start importing Assets/grid-cyan.mat using Guid(c0b1d75886b7a534ca04d0465f0d75dd) Importer(815301076,1909f56bfc062723c751e8b465ee728b)  -> (artifact id: 'b374c4dc5642b443ea1d568881d00912') in 0.275984 seconds
Number of updated asset objects reloaded before import = 0
Number of asset objects unloaded after import = 2
========================================================================
Received Import Request.
  Time since last request: 3.726469 seconds.
  path: Assets/SplashAnimation/Examples/SplashAnimationExampleScene.unity
  artifactKey: Guid(199b9dc0bb751d2408809d703df7bae9) Importer(815301076,1909f56bfc062723c751e8b465ee728b)
Start importing Assets/SplashAnimation/Examples/SplashAnimationExampleScene.unity using Guid(199b9dc0bb751d2408809d703df7bae9) Importer(815301076,1909f56bfc062723c751e8b465ee728b)  -> (artifact id: 'e2a0b3b7677809938a0c03790b346b37') in 0.000488 seconds
Number of updated asset objects reloaded before import = 0
Number of asset objects unloaded after import = 0
========================================================================
Received Import Request.
  Time since last request: 12.548684 seconds.
  path: Assets/Scenes/Test.unity
  artifactKey: Guid(feba021be5d132948aedcd2a0c4aa62e) Importer(815301076,1909f56bfc062723c751e8b465ee728b)
Start importing Assets/Scenes/Test.unity using Guid(feba021be5d132948aedcd2a0c4aa62e) Importer(815301076,1909f56bfc062723c751e8b465ee728b)  -> (artifact id: '234eb39cab05c05d9005ed1edd2cd7f2') in 0.000434 seconds
Number of updated asset objects reloaded before import = 0
Number of asset objects unloaded after import = 0
========================================================================
Received Import Request.
  Time since last request: 1.348902 seconds.
  path: Assets/Scenes/V2.unity
  artifactKey: Guid(3fbe85f4d0de136479b654334eba3eae) Importer(815301076,1909f56bfc062723c751e8b465ee728b)
Start importing Assets/Scenes/V2.unity using Guid(3fbe85f4d0de136479b654334eba3eae) Importer(815301076,1909f56bfc062723c751e8b465ee728b)  -> (artifact id: 'f42a01492398d429056457279be0f3ed') in 0.000397 seconds
Number of updated asset objects reloaded before import = 0
Number of asset objects unloaded after import = 0
========================================================================
Received Import Request.
  Time since last request: 1.889199 seconds.
  path: Assets/VideoAd/Scenes/VideoCanvas.unity
  artifactKey: Guid(e02791dfa72d47c4db0c392586cebd67) Importer(815301076,1909f56bfc062723c751e8b465ee728b)
Start importing Assets/VideoAd/Scenes/VideoCanvas.unity using Guid(e02791dfa72d47c4db0c392586cebd67) Importer(815301076,1909f56bfc062723c751e8b465ee728b)  -> (artifact id: '1c2676e7e9aca3cc1014fd6319ecaa5c') in 0.000400 seconds
Number of updated asset objects reloaded before import = 0
Number of asset objects unloaded after import = 0
========================================================================
Received Prepare
Refreshing native plugins compatible for Editor in 15.49 ms, found 2 plugins.
Preloading 0 native plugins for Editor in 0.00 ms.
Unloading 12 Unused Serialized files (Serialized files now loaded: 0)
Unloading 15 unused Assets / (1.6 MB). Loaded Objects now: 3283.
Memory consumption went from 118.9 MB to 117.2 MB.
Total: 58.934703 ms (FindLiveObjects: 0.499425 ms CreateObjectMapping: 0.166330 ms MarkObjects: 57.589248 ms  DeleteObjects: 0.672602 ms)

Prepare: number of updated asset objects reloaded= 0
AssetImportParameters requested are different than current active one (requested -> active):
  custom:video-decoder-webm-vp8: 9c59270c3fd7afecdb556c50c9e8de78 -> 
  custom:container-demuxer-ogg: 62fdf1f143b41e24485cea50d1cbac27 -> 
  custom:AudioImporter_EditorPlatform: 3918e3fc78b5a79bad01e8451be0beb8 -> 
  custom:video-decoder-ogg-theora: a1e56fd34408186e4bbccfd4996cb3dc -> 
  custom:framework-osx-AVFoundation: e770b220cccbd017edd2c1fefb359320 -> 
  custom:video-encoder-webm-vp8: eb34c28f22e8b96e1ab97ce403110664 -> 
  custom:audio-decoder-ogg-vorbis: bf7c407c2cedff20999df2af8eb42d56 -> 
  custom:CustomObjectIndexerAttribute: 756ad292c208cfabdd7b50bc23989ffe -> 
  custom:container-demuxer-webm: 4f35f7cbe854078d1ac9338744f61a02 -> 
  custom:audio-encoder-webm-vorbis: bf7c407c2cedff20999df2af8eb42d56 -> 
  custom:container-muxer-webm: aa71ff27fc2769a1b78a27578f13a17b -> 
========================================================================
Received Import Request.
  Time since last request: 51403.276402 seconds.
  path: Assets/Sounds/10SecWarning.wav
  artifactKey: Guid(cfcb957a3211d8e4380e9adb2ad720d6) Importer(815301076,1909f56bfc062723c751e8b465ee728b)
Start importing Assets/Sounds/10SecWarning.wav using Guid(cfcb957a3211d8e4380e9adb2ad720d6) Importer(815301076,1909f56bfc062723c751e8b465ee728b)  -> (artifact id: 'd03f1371797dcab777b1bd62f4077e28') in 0.426650 seconds
Number of updated asset objects reloaded before import = 0
Number of asset objects unloaded after import = 2
========================================================================
Received Import Request.
  Time since last request: 0.000128 seconds.
  path: Assets/Sounds/sound-back.wav
  artifactKey: Guid(36a9589d3ddface419bec86dbfe68c90) Importer(815301076,1909f56bfc062723c751e8b465ee728b)
Start importing Assets/Sounds/sound-back.wav using Guid(36a9589d3ddface419bec86dbfe68c90) Importer(815301076,1909f56bfc062723c751e8b465ee728b)  -> (artifact id: '4dcd2130335723e97a73dbb28c0a1fcd') in 0.010480 seconds
Number of updated asset objects reloaded before import = 0
Number of asset objects unloaded after import = 2
========================================================================
Received Import Request.
  Time since last request: 0.000126 seconds.
  path: Assets/Sounds/level-up.wav
  artifactKey: Guid(95f646243a2fc12428197e6c78fdff56) Importer(815301076,1909f56bfc062723c751e8b465ee728b)
Start importing Assets/Sounds/level-up.wav using Guid(95f646243a2fc12428197e6c78fdff56) Importer(815301076,1909f56bfc062723c751e8b465ee728b)  -> (artifact id: 'd7ee0781bb86a229e362d70df6743a33') in 0.009186 seconds
Number of updated asset objects reloaded before import = 0
Number of asset objects unloaded after import = 2
========================================================================
Received Import Request.
  Time since last request: 0.000096 seconds.
  path: Assets/Sounds/robo-2.mp3
  artifactKey: Guid(8ec50fcb068a0664ca0201da51a4d3ff) Importer(815301076,1909f56bfc062723c751e8b465ee728b)
Start importing Assets/Sounds/robo-2.mp3 using Guid(8ec50fcb068a0664ca0201da51a4d3ff) Importer(815301076,1909f56bfc062723c751e8b465ee728b)  -> (artifact id: '8abaee9c9bbdb67c68131036b92e888e') in 0.008567 seconds
Number of updated asset objects reloaded before import = 0
Number of asset objects unloaded after import = 2
========================================================================
Received Import Request.
  Time since last request: 0.000101 seconds.
  path: Assets/Sounds/countdown-beep2.wav
  artifactKey: Guid(4dbf3717a95658b438bf2a0b80c47436) Importer(815301076,1909f56bfc062723c751e8b465ee728b)
Start importing Assets/Sounds/countdown-beep2.wav using Guid(4dbf3717a95658b438bf2a0b80c47436) Importer(815301076,1909f56bfc062723c751e8b465ee728b)  -> (artifact id: 'b0ba53dfc831502ccca0b46a85a920b5') in 0.008590 seconds
Number of updated asset objects reloaded before import = 0
Number of asset objects unloaded after import = 2
========================================================================
Received Import Request.
  Time since last request: 0.000103 seconds.
  path: Assets/Sounds/321Robo.mp3
  artifactKey: Guid(49f87bd5d9e5a4740a9130c1c677ab05) Importer(815301076,1909f56bfc062723c751e8b465ee728b)
Start importing Assets/Sounds/321Robo.mp3 using Guid(49f87bd5d9e5a4740a9130c1c677ab05) Importer(815301076,1909f56bfc062723c751e8b465ee728b)  -> (artifact id: '8a2dae2a358310c948fb746b2b474ebb') in 0.007014 seconds
Number of updated asset objects reloaded before import = 0
Number of asset objects unloaded after import = 2
========================================================================
Received Import Request.
  Time since last request: 0.000096 seconds.
  path: Assets/Sounds/air-horn-club-sample_1.wav
  artifactKey: Guid(2b5c70d02a5a3c2468c82f51cc2e6c17) Importer(815301076,1909f56bfc062723c751e8b465ee728b)
Start importing Assets/Sounds/air-horn-club-sample_1.wav using Guid(2b5c70d02a5a3c2468c82f51cc2e6c17) Importer(815301076,1909f56bfc062723c751e8b465ee728b)  -> (artifact id: '6fc423515090cfb988a0a0f09239edb4') in 0.007038 seconds
Number of updated asset objects reloaded before import = 0
Number of asset objects unloaded after import = 2
========================================================================
Received Import Request.
  Time since last request: 0.000069 seconds.
  path: Assets/Sounds/robo-3.mp3
  artifactKey: Guid(48e44ccc395927641a2ad5a2732cc3e0) Importer(815301076,1909f56bfc062723c751e8b465ee728b)
Start importing Assets/Sounds/robo-3.mp3 using Guid(48e44ccc395927641a2ad5a2732cc3e0) Importer(815301076,1909f56bfc062723c751e8b465ee728b)  -> (artifact id: 'a17556c97f9b1e34de47c742ba0ac897') in 0.005925 seconds
Number of updated asset objects reloaded before import = 0
Number of asset objects unloaded after import = 2
========================================================================
Received Import Request.
  Time since last request: 0.000083 seconds.
  path: Assets/Sounds/robo-1.mp3
  artifactKey: Guid(a9b5a3c5b5287bb479f736208da1549f) Importer(815301076,1909f56bfc062723c751e8b465ee728b)
Start importing Assets/Sounds/robo-1.mp3 using Guid(a9b5a3c5b5287bb479f736208da1549f) Importer(815301076,1909f56bfc062723c751e8b465ee728b)  -> (artifact id: '1546b9e724c20b5181154ae1aa94122a') in 0.006048 seconds
Number of updated asset objects reloaded before import = 0
Number of asset objects unloaded after import = 2
========================================================================
Received Import Request.
  Time since last request: 1.121723 seconds.
  path: Assets/Resources/DOTweenSettings.asset
  artifactKey: Guid(1c2f231d29c12bf4a95d2cdbc5da1818) Importer(815301076,1909f56bfc062723c751e8b465ee728b)
Start importing Assets/Resources/DOTweenSettings.asset using Guid(1c2f231d29c12bf4a95d2cdbc5da1818) Importer(815301076,1909f56bfc062723c751e8b465ee728b)  -> (artifact id: '88248f0f9fb32952d49c6b6c636b22b9') in 0.004223 seconds
Number of updated asset objects reloaded before import = 0
Number of asset objects unloaded after import = 1
========================================================================
Received Import Request.
  Time since last request: 21.790340 seconds.
  path: Assets/enhanced_dot_digital-7.ttf
  artifactKey: Guid(8eb33a36a984a4c8b97d52d8c4b3bbe6) Importer(815301076,1909f56bfc062723c751e8b465ee728b)
Start importing Assets/enhanced_dot_digital-7.ttf using Guid(8eb33a36a984a4c8b97d52d8c4b3bbe6) Importer(815301076,1909f56bfc062723c751e8b465ee728b)  -> (artifact id: 'dafb0319f4df16dd926604f509c5a703') in 0.036533 seconds
Number of updated asset objects reloaded before import = 0
Number of asset objects unloaded after import = 4
========================================================================
Received Import Request.
  Time since last request: 11.860425 seconds.
  path: Assets/enhanced_dot_digital-7 1.ttf
  artifactKey: Guid(0b3224a77995b4e989d56e6e4d656c96) Importer(815301076,1909f56bfc062723c751e8b465ee728b)
Start importing Assets/enhanced_dot_digital-7 1.ttf using Guid(0b3224a77995b4e989d56e6e4d656c96) Importer(815301076,1909f56bfc062723c751e8b465ee728b)  -> (artifact id: 'c26b9872f71c48a2d2f50fbb4fd7d93d') in 0.026297 seconds
Number of updated asset objects reloaded before import = 0
Number of asset objects unloaded after import = 4
========================================================================
Received Import Request.
  Time since last request: 28.032572 seconds.
  path: Assets/enhanced_dot_digital-7 SDF.asset
  artifactKey: Guid(a75e8425c51b14a6aaff12ec85d322dc) Importer(815301076,1909f56bfc062723c751e8b465ee728b)
Start importing Assets/enhanced_dot_digital-7 SDF.asset using Guid(a75e8425c51b14a6aaff12ec85d322dc) Importer(815301076,1909f56bfc062723c751e8b465ee728b)  -> (artifact id: '4c88c7854613de3c7c4868379a33264d') in 0.069627 seconds
Number of updated asset objects reloaded before import = 0
Number of asset objects unloaded after import = 6
========================================================================
Received Import Request.
  Time since last request: 10.146084 seconds.
  path: Assets/Scenes/Watch.unity
  artifactKey: Guid(e41aa6709d570e64f88c6371e5c32236) Importer(815301076,1909f56bfc062723c751e8b465ee728b)
Start importing Assets/Scenes/Watch.unity using Guid(e41aa6709d570e64f88c6371e5c32236) Importer(815301076,1909f56bfc062723c751e8b465ee728b)  -> (artifact id: '4e6c8f2a268c7bc7df4cc090a16975a8') in 0.000534 seconds
Number of updated asset objects reloaded before import = 0
Number of asset objects unloaded after import = 0
========================================================================
Received Import Request.
  Time since last request: 2.389917 seconds.
  path: Assets/BetterSlider/BetterSlider/Examples/BetterSliderTest.unity
  artifactKey: Guid(79f7bad2095cb4c3eaaf69fde25bc5dd) Importer(815301076,1909f56bfc062723c751e8b465ee728b)
Start importing Assets/BetterSlider/BetterSlider/Examples/BetterSliderTest.unity using Guid(79f7bad2095cb4c3eaaf69fde25bc5dd) Importer(815301076,1909f56bfc062723c751e8b465ee728b)  -> (artifact id: '139085067f7eac42836431eecd6d248b') in 0.000460 seconds
Number of updated asset objects reloaded before import = 0
Number of asset objects unloaded after import = 0
========================================================================
Received Import Request.
  Time since last request: 1.369180 seconds.
  path: Assets/Scenes/Config.unity
  artifactKey: Guid(8e4b2b34d24d41e4bb67dc0d17387339) Importer(815301076,1909f56bfc062723c751e8b465ee728b)
Start importing Assets/Scenes/Config.unity using Guid(8e4b2b34d24d41e4bb67dc0d17387339) Importer(815301076,1909f56bfc062723c751e8b465ee728b)  -> (artifact id: 'ba9eeb3b8dfeb525bc341ab480d34ef0') in 0.000472 seconds
Number of updated asset objects reloaded before import = 0
Number of asset objects unloaded after import = 0
========================================================================
Received Import Request.
  Time since last request: 2.414525 seconds.
  path: Assets/HeaderAndFooter/Examples/HeaderExampleScene.unity
  artifactKey: Guid(ec9e194805422e44db18823ce2634398) Importer(815301076,1909f56bfc062723c751e8b465ee728b)
Start importing Assets/HeaderAndFooter/Examples/HeaderExampleScene.unity using Guid(ec9e194805422e44db18823ce2634398) Importer(815301076,1909f56bfc062723c751e8b465ee728b)  -> (artifact id: 'b8fc98bc7a992ba43100016c7d838241') in 0.000459 seconds
Number of updated asset objects reloaded before import = 0
Number of asset objects unloaded after import = 0
========================================================================
Received Import Request.
  Time since last request: 2.135326 seconds.
  path: Assets/Scenes/Home.unity
  artifactKey: Guid(4573c32c9b39d2243b7218b83df752b8) Importer(815301076,1909f56bfc062723c751e8b465ee728b)
Start importing Assets/Scenes/Home.unity using Guid(4573c32c9b39d2243b7218b83df752b8) Importer(815301076,1909f56bfc062723c751e8b465ee728b)  -> (artifact id: '07b3711e30a7efaf27022fd61c105f1e') in 0.000443 seconds
Number of updated asset objects reloaded before import = 0
Number of asset objects unloaded after import = 0
========================================================================
Received Import Request.
  Time since last request: 0.884609 seconds.
  path: Assets/Scenes/Home V2.unity
  artifactKey: Guid(748717683ae71b94da10b16333fed939) Importer(815301076,1909f56bfc062723c751e8b465ee728b)
Start importing Assets/Scenes/Home V2.unity using Guid(748717683ae71b94da10b16333fed939) Importer(815301076,1909f56bfc062723c751e8b465ee728b)  -> (artifact id: 'abc668ba5a94875b74d16bfd72060ee1') in 0.000438 seconds
Number of updated asset objects reloaded before import = 0
Number of asset objects unloaded after import = 0
========================================================================
Received Import Request.
  Time since last request: 17.496499 seconds.
  path: Assets/GyroscopeHandler/Examples/ReactionBaseballTestScene.unity
  artifactKey: Guid(4cd921f233e05244b95db4e05bce7610) Importer(815301076,1909f56bfc062723c751e8b465ee728b)
Start importing Assets/GyroscopeHandler/Examples/ReactionBaseballTestScene.unity using Guid(4cd921f233e05244b95db4e05bce7610) Importer(815301076,1909f56bfc062723c751e8b465ee728b)  -> (artifact id: 'ad2c1eeaeaedbd80b1ce9c541c697241') in 0.000483 seconds
Number of updated asset objects reloaded before import = 0
Number of asset objects unloaded after import = 0
========================================================================
Received Import Request.
  Time since last request: 1.893889 seconds.
  path: Assets/Prefabs/MWBLogo/Examples/ReactionBaseballTestScene.unity
  artifactKey: Guid(4c25c525dac4e114ebf267cf7d72939c) Importer(815301076,1909f56bfc062723c751e8b465ee728b)
Start importing Assets/Prefabs/MWBLogo/Examples/ReactionBaseballTestScene.unity using Guid(4c25c525dac4e114ebf267cf7d72939c) Importer(815301076,1909f56bfc062723c751e8b465ee728b)  -> (artifact id: '506ea48e6531acb4a26a9438ea9d9623') in 0.000459 seconds
Number of updated asset objects reloaded before import = 0
Number of asset objects unloaded after import = 0
========================================================================
Received Prepare
Begin MonoManager ReloadAssembly
Symbol file LoadedFromMemory is not a mono symbol file
- Loaded All Assemblies, in  1.539 seconds
Refreshing native plugins compatible for Editor in 5.12 ms, found 2 plugins.
Native extension for iOS target not found
Native extension for OSXStandalone target not found
Mono: successfully reloaded assembly
- Finished resetting the current domain, in  1.293 seconds
Domain Reload Profiling: 2832ms
	BeginReloadAssembly (397ms)
		ExecutionOrderSort (0ms)
		DisableScriptedObjects (20ms)
		BackupInstance (0ms)
		ReleaseScriptingObjects (1ms)
		CreateAndSetChildDomain (187ms)
	RebuildCommonClasses (48ms)
	RebuildNativeTypeToScriptingClass (13ms)
	initialDomainReloadingComplete (38ms)
	LoadAllAssembliesAndSetupDomain (1041ms)
		LoadAssemblies (818ms)
		RebuildTransferFunctionScriptingTraits (0ms)
		AnalyzeDomain (352ms)
			TypeCache.Refresh (345ms)
				TypeCache.ScanAssembly (300ms)
			ScanForSourceGeneratedMonoScriptInfo (0ms)
			ResolveRequiredComponents (7ms)
	FinalizeReload (1293ms)
		ReleaseScriptCaches (0ms)
		RebuildScriptCaches (0ms)
		SetupLoadedEditorAssemblies (854ms)
			LogAssemblyErrors (0ms)
			InitializePlatformSupportModulesInManaged (34ms)
			SetLoadedEditorAssemblies (9ms)
			RefreshPlugins (0ms)
			BeforeProcessingInitializeOnLoad (67ms)
			ProcessInitializeOnLoadAttributes (577ms)
			ProcessInitializeOnLoadMethodAttributes (164ms)
			AfterProcessingInitializeOnLoad (2ms)
			EditorAssembliesLoaded (0ms)
		ExecutionOrderSort2 (0ms)
		AwakeInstancesAfterBackupRestoration (8ms)
Refreshing native plugins compatible for Editor in 4.11 ms, found 2 plugins.
Preloading 0 native plugins for Editor in 0.00 ms.
Unloading 2740 Unused Serialized files (Serialized files now loaded: 0)
Unloading 63 unused Assets / (1.3 MB). Loaded Objects now: 3287.
Memory consumption went from 168.0 MB to 166.8 MB.
Total: 9.867613 ms (FindLiveObjects: 0.238104 ms CreateObjectMapping: 0.182909 ms MarkObjects: 9.185763 ms  DeleteObjects: 0.259419 ms)

Prepare: number of updated asset objects reloaded= 0
AssetImportParameters requested are different than current active one (requested -> active):
  custom:video-decoder-webm-vp8: 9c59270c3fd7afecdb556c50c9e8de78 -> 
  custom:container-demuxer-ogg: 62fdf1f143b41e24485cea50d1cbac27 -> 
  custom:AudioImporter_EditorPlatform: 3918e3fc78b5a79bad01e8451be0beb8 -> 
  custom:video-decoder-ogg-theora: a1e56fd34408186e4bbccfd4996cb3dc -> 
  custom:framework-osx-AVFoundation: e770b220cccbd017edd2c1fefb359320 -> 
  custom:video-encoder-webm-vp8: eb34c28f22e8b96e1ab97ce403110664 -> 
  custom:audio-decoder-ogg-vorbis: bf7c407c2cedff20999df2af8eb42d56 -> 
  custom:CustomObjectIndexerAttribute: 756ad292c208cfabdd7b50bc23989ffe -> 
  custom:container-demuxer-webm: 4f35f7cbe854078d1ac9338744f61a02 -> 
  custom:audio-encoder-webm-vorbis: bf7c407c2cedff20999df2af8eb42d56 -> 
  custom:container-muxer-webm: aa71ff27fc2769a1b78a27578f13a17b -> 
========================================================================
Received Prepare
Begin MonoManager ReloadAssembly
Symbol file LoadedFromMemory is not a mono symbol file
- Loaded All Assemblies, in  0.731 seconds
Refreshing native plugins compatible for Editor in 4.09 ms, found 2 plugins.
Native extension for iOS target not found
Native extension for OSXStandalone target not found
Mono: successfully reloaded assembly
- Finished resetting the current domain, in  1.085 seconds
Domain Reload Profiling: 1816ms
	BeginReloadAssembly (170ms)
		ExecutionOrderSort (0ms)
		DisableScriptedObjects (7ms)
		BackupInstance (0ms)
		ReleaseScriptingObjects (0ms)
		CreateAndSetChildDomain (67ms)
	RebuildCommonClasses (46ms)
	RebuildNativeTypeToScriptingClass (13ms)
	initialDomainReloadingComplete (25ms)
	LoadAllAssembliesAndSetupDomain (476ms)
		LoadAssemblies (238ms)
		RebuildTransferFunctionScriptingTraits (0ms)
		AnalyzeDomain (304ms)
			TypeCache.Refresh (297ms)
				TypeCache.ScanAssembly (282ms)
			ScanForSourceGeneratedMonoScriptInfo (0ms)
			ResolveRequiredComponents (7ms)
	FinalizeReload (1086ms)
		ReleaseScriptCaches (0ms)
		RebuildScriptCaches (0ms)
		SetupLoadedEditorAssemblies (810ms)
			LogAssemblyErrors (0ms)
			InitializePlatformSupportModulesInManaged (22ms)
			SetLoadedEditorAssemblies (3ms)
			RefreshPlugins (0ms)
			BeforeProcessingInitializeOnLoad (48ms)
			ProcessInitializeOnLoadAttributes (535ms)
			ProcessInitializeOnLoadMethodAttributes (199ms)
			AfterProcessingInitializeOnLoad (2ms)
			EditorAssembliesLoaded (0ms)
		ExecutionOrderSort2 (0ms)
		AwakeInstancesAfterBackupRestoration (5ms)
Refreshing native plugins compatible for Editor in 4.68 ms, found 2 plugins.
Preloading 0 native plugins for Editor in 0.00 ms.
Unloading 2741 Unused Serialized files (Serialized files now loaded: 0)
Unloading 63 unused Assets / (1.3 MB). Loaded Objects now: 3290.
Memory consumption went from 175.9 MB to 174.6 MB.
Total: 9.641867 ms (FindLiveObjects: 0.235186 ms CreateObjectMapping: 0.206209 ms MarkObjects: 8.903192 ms  DeleteObjects: 0.295972 ms)

Prepare: number of updated asset objects reloaded= 0
AssetImportParameters requested are different than current active one (requested -> active):
  custom:video-decoder-webm-vp8: 9c59270c3fd7afecdb556c50c9e8de78 -> 
  custom:container-demuxer-ogg: 62fdf1f143b41e24485cea50d1cbac27 -> 
  custom:AudioImporter_EditorPlatform: 3918e3fc78b5a79bad01e8451be0beb8 -> 
  custom:video-decoder-ogg-theora: a1e56fd34408186e4bbccfd4996cb3dc -> 
  custom:framework-osx-AVFoundation: e770b220cccbd017edd2c1fefb359320 -> 
  custom:video-encoder-webm-vp8: eb34c28f22e8b96e1ab97ce403110664 -> 
  custom:audio-decoder-ogg-vorbis: bf7c407c2cedff20999df2af8eb42d56 -> 
  custom:CustomObjectIndexerAttribute: 756ad292c208cfabdd7b50bc23989ffe -> 
  custom:container-demuxer-webm: 4f35f7cbe854078d1ac9338744f61a02 -> 
  custom:audio-encoder-webm-vorbis: bf7c407c2cedff20999df2af8eb42d56 -> 
  custom:container-muxer-webm: aa71ff27fc2769a1b78a27578f13a17b -> 
========================================================================
Received Import Request.
  Time since last request: 29.142093 seconds.
  path: Assets/Prefabs/MWBLogo/Examples/BurtBot Logo.unity
  artifactKey: Guid(4c25c525dac4e114ebf267cf7d72939c) Importer(815301076,1909f56bfc062723c751e8b465ee728b)
Start importing Assets/Prefabs/MWBLogo/Examples/BurtBot Logo.unity using Guid(4c25c525dac4e114ebf267cf7d72939c) Importer(815301076,1909f56bfc062723c751e8b465ee728b)  -> (artifact id: '4e256a59960b3e3887a3bd7efb201254') in 0.001680 seconds
Number of updated asset objects reloaded before import = 0
Number of asset objects unloaded after import = 0
========================================================================
Received Import Request.
  Time since last request: 31.716907 seconds.
  path: Assets/WorkoutPlayer/Prefabs/WorkoutPlayer.prefab
  artifactKey: Guid(a4ba9fb55b9119d4680908d463f74d5b) Importer(815301076,1909f56bfc062723c751e8b465ee728b)
Start importing Assets/WorkoutPlayer/Prefabs/WorkoutPlayer.prefab using Guid(a4ba9fb55b9119d4680908d463f74d5b) Importer(815301076,1909f56bfc062723c751e8b465ee728b)  -> (artifact id: '330523086d8e370a40da133f46bd7fdb') in 0.103580 seconds
Number of updated asset objects reloaded before import = 0
Number of asset objects unloaded after import = 538
========================================================================
Received Import Request.
  Time since last request: 2.670054 seconds.
  path: Assets/WorkoutPlayer/Examples/WorkoutPlayerExample.unity
  artifactKey: Guid(3d17cb3480fc0ec4598dffb16cb2033e) Importer(815301076,1909f56bfc062723c751e8b465ee728b)
Start importing Assets/WorkoutPlayer/Examples/WorkoutPlayerExample.unity using Guid(3d17cb3480fc0ec4598dffb16cb2033e) Importer(815301076,1909f56bfc062723c751e8b465ee728b)  -> (artifact id: 'a110e0f720700eb82d212c783cfa93c5') in 0.000481 seconds
Number of updated asset objects reloaded before import = 0
Number of asset objects unloaded after import = 0
========================================================================
Received Import Request.
  Time since last request: 27.705589 seconds.
  path: Assets/WorkoutCompletion/Examples/WorkoutCompletionExampleScene.unity
  artifactKey: Guid(2f27d20c54a3afe4ab3df83bdb8d8a06) Importer(815301076,1909f56bfc062723c751e8b465ee728b)
Start importing Assets/WorkoutCompletion/Examples/WorkoutCompletionExampleScene.unity using Guid(2f27d20c54a3afe4ab3df83bdb8d8a06) Importer(815301076,1909f56bfc062723c751e8b465ee728b)  -> (artifact id: '93451d9f8ee060b1f73807b5c00aaa13') in 0.000451 seconds
Number of updated asset objects reloaded before import = 0
Number of asset objects unloaded after import = 0
========================================================================
Received Import Request.
  Time since last request: 2.921453 seconds.
  path: Assets/Scenes/Workout.unity
  artifactKey: Guid(97d9bb59ccbf97f4687a5bce69f752c5) Importer(815301076,1909f56bfc062723c751e8b465ee728b)
Start importing Assets/Scenes/Workout.unity using Guid(97d9bb59ccbf97f4687a5bce69f752c5) Importer(815301076,1909f56bfc062723c751e8b465ee728b)  -> (artifact id: 'ba809b06af24ea4041e754863d6ddd24') in 0.000472 seconds
Number of updated asset objects reloaded before import = 0
Number of asset objects unloaded after import = 0
========================================================================
Received Import Request.
  Time since last request: 3.475876 seconds.
  path: Assets/VideoAd/Scenes/VideoGrid - Instagram.unity
  artifactKey: Guid(dc9cfbfa2d6b5c34c93e632ab02d62b7) Importer(815301076,1909f56bfc062723c751e8b465ee728b)
Start importing Assets/VideoAd/Scenes/VideoGrid - Instagram.unity using Guid(dc9cfbfa2d6b5c34c93e632ab02d62b7) Importer(815301076,1909f56bfc062723c751e8b465ee728b)  -> (artifact id: '70df0213e95b22a6341c83c85212959a') in 0.000479 seconds
Number of updated asset objects reloaded before import = 0
Number of asset objects unloaded after import = 0
========================================================================
Received Import Request.
  Time since last request: 28.825979 seconds.
  path: Assets/Images/icon_home.png
  artifactKey: Guid(f2ca5099707bae34891fcb807871472c) Importer(815301076,1909f56bfc062723c751e8b465ee728b)
Start importing Assets/Images/icon_home.png using Guid(f2ca5099707bae34891fcb807871472c) Importer(815301076,1909f56bfc062723c751e8b465ee728b)  -> (artifact id: '19bf4693794cc7063b1dc8a12a13e049') in 0.056856 seconds
Number of updated asset objects reloaded before import = 0
Number of asset objects unloaded after import = 3
========================================================================
Received Prepare
Begin MonoManager ReloadAssembly
Symbol file LoadedFromMemory is not a mono symbol file
- Loaded All Assemblies, in  0.803 seconds
Refreshing native plugins compatible for Editor in 4.57 ms, found 2 plugins.
Native extension for iOS target not found
Native extension for OSXStandalone target not found
Mono: successfully reloaded assembly
- Finished resetting the current domain, in  1.352 seconds
Domain Reload Profiling: 2155ms
	BeginReloadAssembly (178ms)
		ExecutionOrderSort (0ms)
		DisableScriptedObjects (6ms)
		BackupInstance (0ms)
		ReleaseScriptingObjects (0ms)
		CreateAndSetChildDomain (71ms)
	RebuildCommonClasses (49ms)
	RebuildNativeTypeToScriptingClass (13ms)
	initialDomainReloadingComplete (25ms)
	LoadAllAssembliesAndSetupDomain (538ms)
		LoadAssemblies (293ms)
		RebuildTransferFunctionScriptingTraits (0ms)
		AnalyzeDomain (310ms)
			TypeCache.Refresh (303ms)
				TypeCache.ScanAssembly (287ms)
			ScanForSourceGeneratedMonoScriptInfo (0ms)
			ResolveRequiredComponents (7ms)
	FinalizeReload (1352ms)
		ReleaseScriptCaches (0ms)
		RebuildScriptCaches (0ms)
		SetupLoadedEditorAssemblies (757ms)
			LogAssemblyErrors (0ms)
			InitializePlatformSupportModulesInManaged (23ms)
			SetLoadedEditorAssemblies (4ms)
			RefreshPlugins (0ms)
			BeforeProcessingInitializeOnLoad (51ms)
			ProcessInitializeOnLoadAttributes (483ms)
			ProcessInitializeOnLoadMethodAttributes (194ms)
			AfterProcessingInitializeOnLoad (2ms)
			EditorAssembliesLoaded (0ms)
		ExecutionOrderSort2 (0ms)
		AwakeInstancesAfterBackupRestoration (6ms)
Refreshing native plugins compatible for Editor in 5.70 ms, found 2 plugins.
Preloading 0 native plugins for Editor in 0.00 ms.
Unloading 2740 Unused Serialized files (Serialized files now loaded: 0)
Unloading 63 unused Assets / (1.3 MB). Loaded Objects now: 3293.
Memory consumption went from 183.8 MB to 182.5 MB.
Total: 10.581978 ms (FindLiveObjects: 0.343705 ms CreateObjectMapping: 0.271532 ms MarkObjects: 9.524334 ms  DeleteObjects: 0.441196 ms)

Prepare: number of updated asset objects reloaded= 0
AssetImportParameters requested are different than current active one (requested -> active):
  custom:video-decoder-webm-vp8: 9c59270c3fd7afecdb556c50c9e8de78 -> 
  custom:container-demuxer-ogg: 62fdf1f143b41e24485cea50d1cbac27 -> 
  custom:AudioImporter_EditorPlatform: 3918e3fc78b5a79bad01e8451be0beb8 -> 
  custom:video-decoder-ogg-theora: a1e56fd34408186e4bbccfd4996cb3dc -> 
  custom:framework-osx-AVFoundation: e770b220cccbd017edd2c1fefb359320 -> 
  custom:video-encoder-webm-vp8: eb34c28f22e8b96e1ab97ce403110664 -> 
  custom:audio-decoder-ogg-vorbis: bf7c407c2cedff20999df2af8eb42d56 -> 
  custom:CustomObjectIndexerAttribute: 756ad292c208cfabdd7b50bc23989ffe -> 
  custom:container-demuxer-webm: 4f35f7cbe854078d1ac9338744f61a02 -> 
  custom:audio-encoder-webm-vorbis: bf7c407c2cedff20999df2af8eb42d56 -> 
  custom:container-muxer-webm: aa71ff27fc2769a1b78a27578f13a17b -> 
========================================================================
Received Import Request.
  Time since last request: 58.005222 seconds.
  path: Assets/TextMesh Pro/Resources/Fonts & Materials/LiberationSans SDF.asset
  artifactKey: Guid(8f586378b4e144a9851e7b34d9b748ee) Importer(815301076,1909f56bfc062723c751e8b465ee728b)
Start importing Assets/TextMesh Pro/Resources/Fonts & Materials/LiberationSans SDF.asset using Guid(8f586378b4e144a9851e7b34d9b748ee) Importer(815301076,1909f56bfc062723c751e8b465ee728b)  -> (artifact id: '0f206cfdd84d960233f68c6d9c18b638') in 0.192846 seconds
Number of updated asset objects reloaded before import = 0
Number of asset objects unloaded after import = 9
