Using pre-set license
Built from '2021.1/staging' branch; Version is '2021.1.25f1 (b6f2b893ea32) revision 11989688'; Using compiler version '192528614'; Build Type 'Release'
OS: 'Windows 10 Enterprise; OS build 19042.1165; Version 2009; 64bit' Language: 'en' Physical Memory: 65407 MB
BatchMode: 1, IsHumanControllingUs: 0, StartBugReporterOnCrash: 0, Is64bit: 1, IsPro: 0

COMMAND LINE ARGUMENTS:
C:\Program Files\Unity\Hub\Editor\2021.1.25f1\Editor\Unity.exe
-adb2
-batchMode
-noUpm
-name
AssetImportWorker0
-projectPath
C:/Users/WUStudent/Documents/GitHub/321FIT/321FIT
-logFile
Logs/AssetImportWorker0.log
-srvPort
55304
Successfully changed project path to: C:/Users/WUStudent/Documents/GitHub/321FIT/321FIT
C:/Users/WUStudent/Documents/GitHub/321FIT/321FIT
Using Asset Import Pipeline V2.
Refreshing native plugins compatible for Editor in 77.12 ms, found 2 plugins.
Preloading 0 native plugins for Editor in 0.00 ms.
Initialize engine version: 2021.1.25f1 (b6f2b893ea32)
[Subsystems] Discovering subsystems at path C:/Program Files/Unity/Hub/Editor/2021.1.25f1/Editor/Data/Resources/UnitySubsystems
[Subsystems] Discovering subsystems at path C:/Users/WUStudent/Documents/GitHub/321FIT/321FIT/Assets
GfxDevice: creating device client; threaded=0; jobified=0
Direct3D:
    Version:  Direct3D 11.0 [level 11.1]
    Renderer: NVIDIA GeForce GTX 1060 6GB (ID=0x1c03)
    Vendor:   NVIDIA
    VRAM:     6052 MB
    Driver:   30.0.14.9613
Initialize mono
Mono path[0] = 'C:/Program Files/Unity/Hub/Editor/2021.1.25f1/Editor/Data/Managed'
Mono path[1] = 'C:/Program Files/Unity/Hub/Editor/2021.1.25f1/Editor/Data/MonoBleedingEdge/lib/mono/unityjit'
Mono config path = 'C:/Program Files/Unity/Hub/Editor/2021.1.25f1/Editor/Data/MonoBleedingEdge/etc'
Using monoOptions --debugger-agent=transport=dt_socket,embedding=1,server=y,suspend=n,address=127.0.0.1:56656
Begin MonoManager ReloadAssembly
Registering precompiled unity dll's ...
Register platform support module: C:/Program Files/Unity/Hub/Editor/2021.1.25f1/Editor/Data/PlaybackEngines/WebGLSupport/UnityEditor.WebGL.Extensions.dll
Register platform support module: C:/Program Files/Unity/Hub/Editor/2021.1.25f1/Editor/Data/PlaybackEngines/MacStandaloneSupport/UnityEditor.OSXStandalone.Extensions.dll
Register platform support module: C:/Program Files/Unity/Hub/Editor/2021.1.25f1/Editor/Data/PlaybackEngines/WindowsStandaloneSupport/UnityEditor.WindowsStandalone.Extensions.dll
Registered in 0.002912 seconds.
Native extension for WindowsStandalone target not found
Native extension for OSXStandalone target not found
Native extension for WebGL target not found
Refreshing native plugins compatible for Editor in 60.33 ms, found 2 plugins.
Preloading 0 native plugins for Editor in 0.00 ms.
Mono: successfully reloaded assembly
- Completed reload, in  2.373 seconds
Domain Reload Profiling:
	ReloadAssembly (2373ms)
		BeginReloadAssembly (83ms)
			ExecutionOrderSort (0ms)
			DisableScriptedObjects (0ms)
			BackupInstance (0ms)
			ReleaseScriptingObjects (0ms)
			CreateAndSetChildDomain (1ms)
		EndReloadAssembly (560ms)
			LoadAssemblies (81ms)
			RebuildTransferFunctionScriptingTraits (0ms)
			SetupTypeCache (199ms)
			ReleaseScriptCaches (0ms)
			RebuildScriptCaches (35ms)
			SetupLoadedEditorAssemblies (254ms)
				LogAssemblyErrors (0ms)
				InitializePlatformSupportModulesInManaged (12ms)
				SetLoadedEditorAssemblies (0ms)
				RefreshPlugins (60ms)
				BeforeProcessingInitializeOnLoad (1ms)
				ProcessInitializeOnLoadAttributes (145ms)
				ProcessInitializeOnLoadMethodAttributes (36ms)
				AfterProcessingInitializeOnLoad (0ms)
				EditorAssembliesLoaded (0ms)
			ExecutionOrderSort2 (0ms)
			AwakeInstancesAfterBackupRestoration (0ms)
Platform modules already initialized, skipping
Registering precompiled user dll's ...
Registered in 0.006329 seconds.
Begin MonoManager ReloadAssembly
Native extension for WindowsStandalone target not found
Native extension for OSXStandalone target not found
Native extension for WebGL target not found
Refreshing native plugins compatible for Editor in 0.66 ms, found 2 plugins.
Preloading 0 native plugins for Editor in 0.00 ms.
Mono: successfully reloaded assembly
- Completed reload, in  1.571 seconds
Domain Reload Profiling:
	ReloadAssembly (1572ms)
		BeginReloadAssembly (169ms)
			ExecutionOrderSort (0ms)
			DisableScriptedObjects (4ms)
			BackupInstance (0ms)
			ReleaseScriptingObjects (0ms)
			CreateAndSetChildDomain (21ms)
		EndReloadAssembly (1334ms)
			LoadAssemblies (372ms)
			RebuildTransferFunctionScriptingTraits (0ms)
			SetupTypeCache (356ms)
			ReleaseScriptCaches (0ms)
			RebuildScriptCaches (56ms)
			SetupLoadedEditorAssemblies (415ms)
				LogAssemblyErrors (0ms)
				InitializePlatformSupportModulesInManaged (7ms)
				SetLoadedEditorAssemblies (0ms)
				RefreshPlugins (1ms)
				BeforeProcessingInitializeOnLoad (68ms)
				ProcessInitializeOnLoadAttributes (254ms)
				ProcessInitializeOnLoadMethodAttributes (76ms)
				AfterProcessingInitializeOnLoad (10ms)
				EditorAssembliesLoaded (0ms)
			ExecutionOrderSort2 (0ms)
			AwakeInstancesAfterBackupRestoration (11ms)
Platform modules already initialized, skipping
========================================================================
Worker process is ready to serve import requests
Launched and connected shader compiler UnityShaderCompiler.exe after 0.06 seconds
Refreshing native plugins compatible for Editor in 1.12 ms, found 2 plugins.
Preloading 0 native plugins for Editor in 0.00 ms.
Unloading 2253 Unused Serialized files (Serialized files now loaded: 0)
System memory in use before: 91.9 MB.
System memory in use after: 92.1 MB.

Unloading 57 unused Assets to reduce memory usage. Loaded Objects now: 2677.
Total: 10.565100 ms (FindLiveObjects: 0.295300 ms CreateObjectMapping: 0.149300 ms MarkObjects: 9.966500 ms  DeleteObjects: 0.152000 ms)

AssetImportParameters requested are different than current active one (requested -> active):
  custom:framework-win-MediaFoundation: 216162199b28c13a410421893ffa2e32 -> 
  custom:video-decoder-ogg-theora: a1e56fd34408186e4bbccfd4996cb3dc -> 
  custom:container-muxer-webm: aa71ff27fc2769a1b78a27578f13a17b -> 
  custom:container-demuxer-webm: 4f35f7cbe854078d1ac9338744f61a02 -> 
  custom:container-demuxer-ogg: 62fdf1f143b41e24485cea50d1cbac27 -> 
  custom:video-encoder-webm-vp8: eb34c28f22e8b96e1ab97ce403110664 -> 
  custom:video-decoder-webm-vp8: 9c59270c3fd7afecdb556c50c9e8de78 -> 
  custom:audio-decoder-ogg-vorbis: bf7c407c2cedff20999df2af8eb42d56 -> 
  custom:audio-encoder-webm-vorbis: bf7c407c2cedff20999df2af8eb42d56 -> 
========================================================================
Received Import Request.
  path: Assets/911Fonts.com_CenturyGothicBold__-_911fonts.com_fonts_pMgo 1.ttf
  artifactKey: Guid(7fb30aae742e32d48994d83faa7c4ab3) Importer(815301076,1909f56bfc062723c751e8b465ee728b)
Start importing Assets/911Fonts.com_CenturyGothicBold__-_911fonts.com_fonts_pMgo 1.ttf using Guid(7fb30aae742e32d48994d83faa7c4ab3) Importer(815301076,1909f56bfc062723c751e8b465ee728b)  -> (artifact id: 'c4692041a9b048303a67c98aff385096') in 0.131664 seconds 
========================================================================
Received Import Request.
  Time since last request: 0.000455 seconds.
  path: Assets/BAHNS - OUTLINE.asset
  artifactKey: Guid(d80894b15e5e39c429e6bb4f7c8f0d10) Importer(815301076,1909f56bfc062723c751e8b465ee728b)
Start importing Assets/BAHNS - OUTLINE.asset using Guid(d80894b15e5e39c429e6bb4f7c8f0d10) Importer(815301076,1909f56bfc062723c751e8b465ee728b)  -> (artifact id: '08760ac620626ce2c2a20f4e1edc9b29') in 0.047229 seconds 
========================================================================
Received Import Request.
  Time since last request: 0.000300 seconds.
  path: Assets/NewBrush 1.brush
  artifactKey: Guid(c6b02bb9534b691468ee15684769bd64) Importer(815301076,1909f56bfc062723c751e8b465ee728b)
Start importing Assets/NewBrush 1.brush using Guid(c6b02bb9534b691468ee15684769bd64) Importer(815301076,1909f56bfc062723c751e8b465ee728b)  -> (artifact id: '0014e8ebcc83075f1102af9782706298') in 0.022716 seconds 
========================================================================
Received Import Request.
  Time since last request: 0.000402 seconds.
  path: Assets/iPhoneX_Screen.png
  artifactKey: Guid(d772fbb2b56380c43bae04c6aedf7bb6) Importer(815301076,1909f56bfc062723c751e8b465ee728b)
Start importing Assets/iPhoneX_Screen.png using Guid(d772fbb2b56380c43bae04c6aedf7bb6) Importer(815301076,1909f56bfc062723c751e8b465ee728b)  -> (artifact id: '109d66bdfb421f08c42fc7d3dbf9a1b6') in 0.130886 seconds 
========================================================================
Received Import Request.
  Time since last request: 0.000375 seconds.
  path: Assets/Red.mat
  artifactKey: Guid(de9c304c78043764cbb8216b143eea9c) Importer(815301076,1909f56bfc062723c751e8b465ee728b)
Start importing Assets/Red.mat using Guid(de9c304c78043764cbb8216b143eea9c) Importer(815301076,1909f56bfc062723c751e8b465ee728b)  -> (artifact id: 'be1f8212efae35ff82c662a0850a8356') in 0.324425 seconds 
========================================================================
Received Import Request.
  Time since last request: 0.000342 seconds.
  path: Assets/shutup.physicMaterial
  artifactKey: Guid(96f62abe72614d749bc93caeb346b669) Importer(815301076,1909f56bfc062723c751e8b465ee728b)
Start importing Assets/shutup.physicMaterial using Guid(96f62abe72614d749bc93caeb346b669) Importer(815301076,1909f56bfc062723c751e8b465ee728b)  -> (artifact id: '15fd1bcd76fdbfa5314fbd7939356cfa') in 0.008689 seconds 
========================================================================
Received Import Request.
  Time since last request: 0.000390 seconds.
  path: Assets/BAHNS - RED80s.asset
  artifactKey: Guid(dad9420944ee42b4c89d144fd2f8da40) Importer(815301076,1909f56bfc062723c751e8b465ee728b)
Start importing Assets/BAHNS - RED80s.asset using Guid(dad9420944ee42b4c89d144fd2f8da40) Importer(815301076,1909f56bfc062723c751e8b465ee728b)  -> (artifact id: 'b04aaa96099b58d2ef149dcc8fdc30ca') in 0.088815 seconds 
========================================================================
Received Import Request.
  Time since last request: 0.000333 seconds.
  path: Assets/New Terrain.asset
  artifactKey: Guid(1d0b809a99d01e54c96074065cb38f3a) Importer(815301076,1909f56bfc062723c751e8b465ee728b)
Start importing Assets/New Terrain.asset using Guid(1d0b809a99d01e54c96074065cb38f3a) Importer(815301076,1909f56bfc062723c751e8b465ee728b)  -> (artifact id: '342d86b3ddce7e8ab55563479e49c140') in 0.032507 seconds 
========================================================================
Received Import Request.
  Time since last request: 0.000356 seconds.
  path: Assets/BAHNSCHRIFT.TTF
  artifactKey: Guid(bbb86fe4be6cec249ac8e2a407a2fb4d) Importer(815301076,1909f56bfc062723c751e8b465ee728b)
Start importing Assets/BAHNSCHRIFT.TTF using Guid(bbb86fe4be6cec249ac8e2a407a2fb4d) Importer(815301076,1909f56bfc062723c751e8b465ee728b)  -> (artifact id: '1c0b0d2ff357e3248d6f4693d1e886a9') in 0.023087 seconds 
========================================================================
Received Import Request.
  Time since last request: 0.000307 seconds.
  path: Assets/911Fonts.com_CenturyGothicBold__-_911fonts.asset
  artifactKey: Guid(af19abb0262bd704cb17d67aeb077c09) Importer(815301076,1909f56bfc062723c751e8b465ee728b)
Start importing Assets/911Fonts.com_CenturyGothicBold__-_911fonts.asset using Guid(af19abb0262bd704cb17d67aeb077c09) Importer(815301076,1909f56bfc062723c751e8b465ee728b)  -> (artifact id: 'a470e77d7d7fe84413787d3cf1611ae5') in 0.022358 seconds 
========================================================================
Received Import Request.
  Time since last request: 0.000365 seconds.
  path: Assets/NewLayer.terrainlayer
  artifactKey: Guid(c1041241c62632448aed691fec445c8e) Importer(815301076,1909f56bfc062723c751e8b465ee728b)
Start importing Assets/NewLayer.terrainlayer using Guid(c1041241c62632448aed691fec445c8e) Importer(815301076,1909f56bfc062723c751e8b465ee728b)  -> (artifact id: 'f5d1a6db66589333cf200cf0f1201ffc') in 0.017894 seconds 
========================================================================
Received Import Request.
  Time since last request: 0.000371 seconds.
  path: Assets/grid-cyan.mat
  artifactKey: Guid(c0b1d75886b7a534ca04d0465f0d75dd) Importer(815301076,1909f56bfc062723c751e8b465ee728b)
Start importing Assets/grid-cyan.mat using Guid(c0b1d75886b7a534ca04d0465f0d75dd) Importer(815301076,1909f56bfc062723c751e8b465ee728b)  -> (artifact id: '0e5b0d89f1ec160ef9486c90ba41eb7d') in 0.111951 seconds 
========================================================================
Received Import Request.
  Time since last request: 0.000311 seconds.
  path: Assets/BAHNSCHRIFT SDF.asset
  artifactKey: Guid(feb692f47b3d4d145a123c0724e06ee9) Importer(815301076,1909f56bfc062723c751e8b465ee728b)
Start importing Assets/BAHNSCHRIFT SDF.asset using Guid(feb692f47b3d4d145a123c0724e06ee9) Importer(815301076,1909f56bfc062723c751e8b465ee728b)  -> (artifact id: '8da4a7df05350ab56e9be6bd990692be') in 0.024005 seconds 
========================================================================
Received Import Request.
  Time since last request: 0.000346 seconds.
  path: Assets/NewBrush.brush
  artifactKey: Guid(c5a6541ec3926c0419f8ab6b0164c3b7) Importer(815301076,1909f56bfc062723c751e8b465ee728b)
Start importing Assets/NewBrush.brush using Guid(c5a6541ec3926c0419f8ab6b0164c3b7) Importer(815301076,1909f56bfc062723c751e8b465ee728b)  -> (artifact id: '649852cf12913f91f4a29f6c2e59743e') in 0.010751 seconds 
